Arguments: 
  C:\Program Files\nodejs\node.exe C:\Users\juanv\AppData\Roaming\npm\node_modules\yarn\bin\yarn.js add styled.components

PATH: 
  C:\ProgramData\Oracle\Java\javapath;C:\Python310\Scripts\;C:\Python310\;C:\Program Files\Common Files\Oracle\Java\javapath;C:\WINDOWS\system32;C:\WINDOWS;C:\WINDOWS\System32\Wbem;C:\WINDOWS\System32\WindowsPowerShell\v1.0\;C:\WINDOWS\System32\OpenSSH\;C:\Program Files\Git\cmd;C:\Program Files (x86)\NVIDIA Corporation\PhysX\Common;C:\Program Files\Calibre2\;C:\Program Files\nodejs\;C:\Users\juanv\AppData\Local\Microsoft\WindowsApps;;C:\Users\juanv\AppData\Local\Programs\Microsoft VS Code\bin;C:\Users\juanv\AppData\Roaming\npm

Yarn version: 
  1.22.19

Node version: 
  16.16.0

Platform: 
  win32 x64

Trace: 
  Error: https://registry.yarnpkg.com/styled.components: Not found
      at Request.params.callback [as _callback] (C:\Users\juanv\AppData\Roaming\npm\node_modules\yarn\lib\cli.js:66145:18)
      at Request.self.callback (C:\Users\juanv\AppData\Roaming\npm\node_modules\yarn\lib\cli.js:140890:22)
      at Request.emit (node:events:527:28)
      at Request.<anonymous> (C:\Users\juanv\AppData\Roaming\npm\node_modules\yarn\lib\cli.js:141862:10)
      at Request.emit (node:events:527:28)
      at IncomingMessage.<anonymous> (C:\Users\juanv\AppData\Roaming\npm\node_modules\yarn\lib\cli.js:141784:12)
      at Object.onceWrapper (node:events:641:28)
      at IncomingMessage.emit (node:events:539:35)
      at endReadableNT (node:internal/streams/readable:1345:12)
      at processTicksAndRejections (node:internal/process/task_queues:83:21)

npm manifest: 
  {
    "dependencies": {
      "@react-three/drei": "^9.25.2"
    }
  }

yarn manifest: 
  No manifest

Lockfile: 
  No lockfile
